This is pdfTeX, Version 3.14159265-2.6-1.40.20 (TeX Live 2019/Debian) (preloaded format=pdflatex 2021.8.29)  1 SEP 2021 22:11
entering extended mode
 restricted \write18 enabled.
 file:line:error style messages enabled.
 %&-line parsing enabled.
**/home/eugenia/ss/SimulacionSistemas/TP2/docs/SdS_TP2_2021Q2G01_Informe
(/home/eugenia/ss/SimulacionSistemas/TP2/docs/SdS_TP2_2021Q2G01_Informe.tex
LaTeX2e <2020-02-02> patch level 2
L3 programming layer <2020-02-14> (/usr/share/texlive/texmf-dist/tex/latex/base/report.cls
Document Class: report 2019/12/20 v1.4l Standard LaTeX document class
(/usr/share/texlive/texmf-dist/tex/latex/base/size12.clo
File: size12.clo 2019/12/20 v1.4l Standard LaTeX file (size option)
)
\c@part=\count167
\c@chapter=\count168
\c@section=\count169
\c@subsection=\count170
\c@subsubsection=\count171
\c@paragraph=\count172
\c@subparagraph=\count173
\c@figure=\count174
\c@table=\count175
\abovecaptionskip=\skip47
\belowcaptionskip=\skip48
\bibindent=\dimen134
) (/usr/share/texlive/texmf-dist/tex/generic/babel/babel.sty
Package: babel 2020/02/14 3.40 The Babel package
 (/usr/share/texlive/texmf-dist/tex/generic/babel/switch.def
File: switch.def 2020/02/14 3.40 Babel switching mechanism
) (/usr/share/texlive/texmf-dist/tex/generic/babel-spanish/spanish.ldf
Language: spanish.ldf 2016/03/03 v5.0p Spanish support from the babel system
 (/usr/share/texlive/texmf-dist/tex/generic/babel/babel.def
File: babel.def 2020/02/14 3.40 Babel common definitions
\babel@savecnt=\count176
\U@D=\dimen135
 (/usr/share/texlive/texmf-dist/tex/generic/babel/txtbabel.def)
\bbl@readstream=\read2
\bbl@dirlevel=\count177
)
\es@quottoks=\toks14
\es@quotdepth=\count178
Package babel Info: Making " an active character on input line 561.
Package babel Info: Making . an active character on input line 662.
Package babel Info: Making < an active character on input line 707.
Package babel Info: Making > an active character on input line 707.
)) (/usr/share/texlive/texmf-dist/tex/latex/base/inputenc.sty
Package: inputenc 2018/08/11 v1.3c Input encoding file
\inpenc@prehook=\toks15
\inpenc@posthook=\toks16
) (/usr/share/texlive/texmf-dist/tex/latex/graphics/graphicx.sty
Package: graphicx 2019/11/30 v1.2a Enhanced LaTeX Graphics (DPC,SPQR)
 (/usr/share/texlive/texmf-dist/tex/latex/graphics/keyval.sty
Package: keyval 2014/10/28 v1.15 key=value parser (DPC)
\KV@toks@=\toks17
) (/usr/share/texlive/texmf-dist/tex/latex/graphics/graphics.sty
Package: graphics 2019/11/30 v1.4a Standard LaTeX Graphics (DPC,SPQR)
 (/usr/share/texlive/texmf-dist/tex/latex/graphics/trig.sty
Package: trig 2016/01/03 v1.10 sin cos tan (DPC)
) (/usr/share/texlive/texmf-dist/tex/latex/graphics-cfg/graphics.cfg
File: graphics.cfg 2016/06/04 v1.11 sample graphics configuration
)
Package graphics Info: Driver file: pdftex.def on input line 105.
 (/usr/share/texlive/texmf-dist/tex/latex/graphics-def/pdftex.def
File: pdftex.def 2018/01/08 v1.0l Graphics/color driver for pdftex
))
\Gin@req@height=\dimen136
\Gin@req@width=\dimen137
) (/usr/share/texlive/texmf-dist/tex/latex/amsmath/amsmath.sty
Package: amsmath 2020/01/20 v2.17e AMS math features
\@mathmargin=\skip49

For additional information on amsmath, use the `?' option.
(/usr/share/texlive/texmf-dist/tex/latex/amsmath/amstext.sty
Package: amstext 2000/06/29 v2.01 AMS text
 (/usr/share/texlive/texmf-dist/tex/latex/amsmath/amsgen.sty
File: amsgen.sty 1999/11/30 v2.0 generic functions
\@emptytoks=\toks18
\ex@=\dimen138
)) (/usr/share/texlive/texmf-dist/tex/latex/amsmath/amsbsy.sty
Package: amsbsy 1999/11/29 v1.2d Bold Symbols
\pmbraise@=\dimen139
) (/usr/share/texlive/texmf-dist/tex/latex/amsmath/amsopn.sty
Package: amsopn 2016/03/08 v2.02 operator names
)
\inf@bad=\count179
LaTeX Info: Redefining \frac on input line 227.
\uproot@=\count180
\leftroot@=\count181
LaTeX Info: Redefining \overline on input line 389.
\classnum@=\count182
\DOTSCASE@=\count183
LaTeX Info: Redefining \ldots on input line 486.
LaTeX Info: Redefining \dots on input line 489.
LaTeX Info: Redefining \cdots on input line 610.
\Mathstrutbox@=\box45
\strutbox@=\box46
\big@size=\dimen140
LaTeX Font Info:    Redeclaring font encoding OML on input line 733.
LaTeX Font Info:    Redeclaring font encoding OMS on input line 734.
\macc@depth=\count184
\c@MaxMatrixCols=\count185
\dotsspace@=\muskip16
\c@parentequation=\count186
\dspbrk@lvl=\count187
\tag@help=\toks19
\row@=\count188
\column@=\count189
\maxfields@=\count190
\andhelp@=\toks20
\eqnshift@=\dimen141
\alignsep@=\dimen142
\tagshift@=\dimen143
\tagwidth@=\dimen144
\totwidth@=\dimen145
\lineht@=\dimen146
\@envbody=\toks21
\multlinegap=\skip50
\multlinetaggap=\skip51
\mathdisplay@stack=\toks22
LaTeX Info: Redefining \[ on input line 2859.
LaTeX Info: Redefining \] on input line 2860.
) (/usr/share/texlive/texmf-dist/tex/latex/algorithms/algorithm.sty
Package: algorithm 2009/08/24 v0.1 Document Style `algorithm' - floating environment
 (/usr/share/texlive/texmf-dist/tex/latex/float/float.sty
Package: float 2001/11/08 v1.3d Float enhancements (AL)
\c@float@type=\count191
\float@exts=\toks23
\float@box=\box47
\@float@everytoks=\toks24
\@floatcapt=\box48
) (/usr/share/texlive/texmf-dist/tex/latex/base/ifthen.sty
Package: ifthen 2014/09/29 v1.1c Standard LaTeX ifthen package (DPC)
)
\@float@every@algorithm=\toks25
\c@algorithm=\count192
) (/usr/share/texlive/texmf-dist/tex/latex/algorithmicx/algpseudocode.sty
Package: algpseudocode 
 (/usr/share/texlive/texmf-dist/tex/latex/algorithmicx/algorithmicx.sty
Package: algorithmicx 2005/04/27 v1.2 Algorithmicx

Document Style algorithmicx 1.2 - a greatly improved `algorithmic' style
\c@ALG@line=\count193
\c@ALG@rem=\count194
\c@ALG@nested=\count195
\ALG@tlm=\skip52
\ALG@thistlm=\skip53
\c@ALG@Lnr=\count196
\c@ALG@blocknr=\count197
\c@ALG@storecount=\count198
\c@ALG@tmpcounter=\count199
\ALG@tmplength=\skip54
)
Document Style - pseudocode environments for use with the `algorithmicx' style
) (/usr/share/texlive/texmf-dist/tex/latex/l3backend/l3backend-pdfmode.def
File: l3backend-pdfmode.def 2020-02-03 L3 backend support: PDF mode
\l__kernel_color_stack_int=\count266
\l__pdf_internal_box=\box49
) (./SdS_TP2_2021Q2G01_Informe.aux
LaTeX Info: Redefining \. on input line 7.
LaTeX Info: Redefining \% on input line 7.
)
\openout1 = `SdS_TP2_2021Q2G01_Informe.aux'.

LaTeX Font Info:    Checking defaults for OML/cmm/m/it on input line 27.
LaTeX Font Info:    ... okay on input line 27.
LaTeX Font Info:    Checking defaults for OMS/cmsy/m/n on input line 27.
LaTeX Font Info:    ... okay on input line 27.
LaTeX Font Info:    Checking defaults for OT1/cmr/m/n on input line 27.
LaTeX Font Info:    ... okay on input line 27.
LaTeX Font Info:    Checking defaults for T1/cmr/m/n on input line 27.
LaTeX Font Info:    ... okay on input line 27.
LaTeX Font Info:    Checking defaults for TS1/cmr/m/n on input line 27.
LaTeX Font Info:    ... okay on input line 27.
LaTeX Font Info:    Checking defaults for OMX/cmex/m/n on input line 27.
LaTeX Font Info:    ... okay on input line 27.
LaTeX Font Info:    Checking defaults for U/cmr/m/n on input line 27.
LaTeX Font Info:    ... okay on input line 27.
LaTeX Info: Redefining \. on input line 27.
LaTeX Info: Redefining \% on input line 27.
 (/usr/share/texlive/texmf-dist/tex/context/base/mkii/supp-pdf.mkii
[Loading MPS to PDF converter (version 2006.09.02).]
\scratchcounter=\count267
\scratchdimen=\dimen147
\scratchbox=\box50
\nofMPsegments=\count268
\nofMParguments=\count269
\everyMPshowfont=\toks26
\MPscratchCnt=\count270
\MPscratchDim=\dimen148
\MPnumerator=\count271
\makeMPintoPDFobject=\count272
\everyMPtoPDFconversion=\toks27
) (/usr/share/texlive/texmf-dist/tex/latex/epstopdf-pkg/epstopdf-base.sty
Package: epstopdf-base 2020-01-24 v2.11 Base part for package epstopdf
 (/usr/share/texlive/texmf-dist/tex/generic/infwarerr/infwarerr.sty
Package: infwarerr 2019/12/03 v1.5 Providing info/warning/error messages (HO)
) (/usr/share/texlive/texmf-dist/tex/latex/grfext/grfext.sty
Package: grfext 2019/12/03 v1.3 Manage graphics extensions (HO)
 (/usr/share/texlive/texmf-dist/tex/generic/kvdefinekeys/kvdefinekeys.sty
Package: kvdefinekeys 2019-12-19 v1.6 Define keys (HO)
)) (/usr/share/texlive/texmf-dist/tex/latex/kvoptions/kvoptions.sty
Package: kvoptions 2019/11/29 v3.13 Key value format for package options (HO)
 (/usr/share/texlive/texmf-dist/tex/generic/ltxcmds/ltxcmds.sty
Package: ltxcmds 2019/12/15 v1.24 LaTeX kernel commands for general use (HO)
) (/usr/share/texlive/texmf-dist/tex/generic/kvsetkeys/kvsetkeys.sty
Package: kvsetkeys 2019/12/15 v1.18 Key value parser (HO)
)) (/usr/share/texlive/texmf-dist/tex/latex/pdftexcmds/pdftexcmds.sty
Package: pdftexcmds 2019/11/24 v0.31 Utility functions of pdfTeX for LuaTeX (HO)
 (/usr/share/texlive/texmf-dist/tex/generic/iftex/iftex.sty
Package: iftex 2019/11/07 v1.0c TeX engine tests
)
Package pdftexcmds Info: \pdf@primitive is available.
Package pdftexcmds Info: \pdf@ifprimitive is available.
Package pdftexcmds Info: \pdfdraftmode found.
)
Package epstopdf-base Info: Redefining graphics rule for `.eps' on input line 485.
Package grfext Info: Graphics extension search list:
(grfext)             [.pdf,.png,.jpg,.mps,.jpeg,.jbig2,.jb2,.PDF,.PNG,.JPG,.JPEG,.JBIG2,.JB2,.eps]
(grfext)             \AppendGraphicsExtensions on input line 504.
 (/usr/share/texlive/texmf-dist/tex/latex/latexconfig/epstopdf-sys.cfg
File: epstopdf-sys.cfg 2010/07/13 v1.3 Configuration of (r)epstopdf for TeX Live
)) [1

{/var/lib/texmf/fonts/map/pdftex/updmap/pdftex.map}] (./SdS_TP2_2021Q2G01_Informe.toc
LaTeX Info: Redefining \. on input line 1.
LaTeX Info: Redefining \% on input line 1.
)
\tf@toc=\write3
\openout3 = `SdS_TP2_2021Q2G01_Informe.toc'.

 [1

]
Underfull \hbox (badness 10000) in paragraph at lines 35--37

 []


Overfull \hbox (3.85773pt too wide) in paragraph at lines 38--39
\OT1/cmr/m/n/12 biol^^Sogi-cos tien-den a mo-ver-se con sus ve-ci-nos. Por ejem-plo, ban-da-das, card^^Sume-
 []


Underfull \hbox (badness 10000) in paragraph at lines 38--39

 []


Underfull \hbox (badness 10000) in paragraph at lines 40--41

 []


Underfull \hbox (badness 10000) in paragraph at lines 42--43

 []


Underfull \hbox (badness 10000) in paragraph at lines 64--65

 []


Underfull \hbox (badness 10000) in paragraph at lines 66--67

 []

[2]
Underfull \hbox (badness 10000) in paragraph at lines 68--69

 []


Underfull \hbox (badness 10000) in paragraph at lines 70--71

 []

<images/Diagrama de flujo.png, id=20, 1144.275pt x 353.32pt>
File: images/Diagrama de flujo.png Graphic file (type png)
<use images/Diagrama de flujo.png>
Package pdftex.def Info: images/Diagrama de flujo.png  used on input line 73.
(pdftex.def)             Requested size: 400.50224pt x 123.66385pt.

Overfull \hbox (10.50224pt too wide) in paragraph at lines 73--75
 [][] 
 []


Underfull \hbox (badness 10000) in paragraph at lines 79--80

 []


Underfull \hbox (badness 10000) in paragraph at lines 81--82

 []

[3 <./images/Diagrama de flujo.png>]
<images/UML.png, id=26, 1371.1225pt x 1069.9975pt>
File: images/UML.png Graphic file (type png)
<use images/UML.png>
Package pdftex.def Info: images/UML.png  used on input line 88.
(pdftex.def)             Requested size: 411.33992pt x 321.00172pt.

Overfull \hbox (21.33992pt too wide) in paragraph at lines 88--90
 [][] 
 []


Underfull \hbox (badness 10000) in paragraph at lines 94--95

 []

[4 <./images/UML.png (PNG copy)>]
<images/esquema.png, id=30, 299.1175pt x 278.03876pt>
File: images/esquema.png Graphic file (type png)
<use images/esquema.png>
Package pdftex.def Info: images/esquema.png  used on input line 137.
(pdftex.def)             Requested size: 125.62848pt x 116.77547pt.
 [5 <./images/esquema.png>]
Underfull \hbox (badness 10000) in paragraph at lines 159--160

 []


Underfull \hbox (badness 10000) in paragraph at lines 179--180

 []

[6]
Underfull \hbox (badness 10000) in paragraph at lines 181--182

 []


Underfull \hbox (badness 10000) in paragraph at lines 183--184

 []

<images/noise_N300_d06_n05.png, id=44, 982.67125pt x 356.33125pt>
File: images/noise_N300_d06_n05.png Graphic file (type png)
<use images/noise_N300_d06_n05.png>
Package pdftex.def Info: images/noise_N300_d06_n05.png  used on input line 188.
(pdftex.def)             Requested size: 393.06154pt x 142.52997pt.

Overfull \hbox (3.06154pt too wide) in paragraph at lines 188--190
 [][] 
 []

<images/noise_N300_d06_n1_5.png, id=45, 983.675pt x 350.30875pt>
File: images/noise_N300_d06_n1_5.png Graphic file (type png)
<use images/noise_N300_d06_n1_5.png>
Package pdftex.def Info: images/noise_N300_d06_n1_5.png  used on input line 195.
(pdftex.def)             Requested size: 393.46303pt x 140.12102pt.

Overfull \hbox (3.46303pt too wide) in paragraph at lines 195--197
 [][] 
 []


LaTeX Warning: `h' float specifier changed to `ht'.

[7 <./images/noise_N300_d06_n05.png>]
<images/noise_N300_d06_n5.png, id=50, 981.6675pt x 352.31625pt>
File: images/noise_N300_d06_n5.png Graphic file (type png)
<use images/noise_N300_d06_n5.png>
Package pdftex.def Info: images/noise_N300_d06_n5.png  used on input line 203.
(pdftex.def)             Requested size: 392.66003pt x 140.924pt.

Overfull \hbox (2.66003pt too wide) in paragraph at lines 203--205
 [][] 
 []


Underfull \hbox (badness 10000) in paragraph at lines 209--210

 []

[8 <./images/noise_N300_d06_n1_5.png> <./images/noise_N300_d06_n5.png>]
<images/noise_pola_vs_time_multiple_n.png, id=56, 862.22125pt x 282.05376pt>
File: images/noise_pola_vs_time_multiple_n.png Graphic file (type png)
<use images/noise_pola_vs_time_multiple_n.png>
Package pdftex.def Info: images/noise_pola_vs_time_multiple_n.png  used on input line 215.
(pdftex.def)             Requested size: 387.99597pt x 126.923pt.
<images/pola_vs_noise.png, id=57, 758.835pt x 272.01625pt>
File: images/pola_vs_noise.png Graphic file (type png)
<use images/pola_vs_noise.png>
Package pdftex.def Info: images/pola_vs_noise.png  used on input line 222.
(pdftex.def)             Requested size: 379.41658pt x 136.00778pt.
<images/pola_vs_noise_multiple_n.png, id=58, 751.80875pt x 235.88126pt>
File: images/pola_vs_noise_multiple_n.png Graphic file (type png)
<use images/pola_vs_noise_multiple_n.png>
Package pdftex.def Info: images/pola_vs_noise_multiple_n.png  used on input line 229.
(pdftex.def)             Requested size: 375.90344pt x 117.94034pt.

Underfull \hbox (badness 10000) in paragraph at lines 237--238

 []

[9 <./images/noise_pola_vs_time_multiple_n.png> <./images/pola_vs_noise.png> <./images/pola_vs_noise_multiple_n.png>]
Underfull \hbox (badness 10000) in paragraph at lines 239--240

 []


Underfull \hbox (badness 10000) in paragraph at lines 241--242

 []

<images/density_N300_n08_d025.png, id=65, 726.715pt x 266.9975pt>
File: images/density_N300_n08_d025.png Graphic file (type png)
<use images/density_N300_n08_d025.png>
Package pdftex.def Info: images/density_N300_n08_d025.png  used on input line 246.
(pdftex.def)             Requested size: 392.42024pt x 144.17648pt.

Overfull \hbox (2.42024pt too wide) in paragraph at lines 246--248
 [][] 
 []

<images/density_N300_n08_d3.png, id=66, 981.6675pt x 348.30125pt>
File: images/density_N300_n08_d3.png Graphic file (type png)
<use images/density_N300_n08_d3.png>
Package pdftex.def Info: images/density_N300_n08_d3.png  used on input line 253.
(pdftex.def)             Requested size: 392.66003pt x 139.31802pt.

Overfull \hbox (2.66003pt too wide) in paragraph at lines 253--255
 [][] 
 []


LaTeX Warning: `h' float specifier changed to `ht'.

[10 <./images/density_N300_n08_d025.png>]
<images/density_N300_n08_d6.png, id=71, 982.67125pt x 353.32pt>
File: images/density_N300_n08_d6.png Graphic file (type png)
<use images/density_N300_n08_d6.png>
Package pdftex.def Info: images/density_N300_n08_d6.png  used on input line 261.
(pdftex.def)             Requested size: 393.06154pt x 141.32549pt.

Overfull \hbox (3.06154pt too wide) in paragraph at lines 261--263
 [][] 
 []


Underfull \hbox (badness 10000) in paragraph at lines 267--268

 []


Underfull \hbox (badness 10000) in paragraph at lines 269--270

 []

<images/density_pola_vs_time.png, id=72, 756.8275pt x 259.97125pt>
File: images/density_pola_vs_time.png Graphic file (type png)
<use images/density_pola_vs_time.png>
Package pdftex.def Info: images/density_pola_vs_time.png  used on input line 273.
(pdftex.def)             Requested size: 378.41283pt x 129.9853pt.
[11 <./images/density_N300_n08_d3.png> <./images/density_N300_n08_d6.png>] [12 <./images/density_pola_vs_time.png>]
<images/pola_vs_density.png, id=83, 750.805pt x 243.91125pt>
File: images/pola_vs_density.png Graphic file (type png)
<use images/pola_vs_density.png>
Package pdftex.def Info: images/pola_vs_density.png  used on input line 281.
(pdftex.def)             Requested size: 375.40158pt x 121.95532pt.

Underfull \hbox (badness 10000) in paragraph at lines 289--290

 []


Underfull \hbox (badness 10000) in paragraph at lines 291--292

 []


Underfull \hbox (badness 10000) in paragraph at lines 293--294

 []

<images/d_n_small.png, id=84, 982.67125pt x 359.3425pt>
File: images/d_n_small.png Graphic file (type png)
<use images/d_n_small.png>
Package pdftex.def Info: images/d_n_small.png  used on input line 298.
(pdftex.def)             Requested size: 393.06154pt x 143.73445pt.

Overfull \hbox (3.06154pt too wide) in paragraph at lines 298--300
 [][] 
 []


LaTeX Warning: `h' float specifier changed to `ht'.

[13 <./images/pola_vs_density.png>]
<images/d_n_big.png, id=89, 980.66376pt x 358.33875pt>
File: images/d_n_big.png Graphic file (type png)
<use images/d_n_big.png>
Package pdftex.def Info: images/d_n_big.png  used on input line 306.
(pdftex.def)             Requested size: 392.25854pt x 143.33296pt.

Overfull \hbox (2.25854pt too wide) in paragraph at lines 306--308
 [][] 
 []

[14 <./images/d_n_small.png> <./images/d_n_big.png>]
<images/d_big_n_small.png, id=95, 1068.99374pt x 391.4625pt>
File: images/d_big_n_small.png Graphic file (type png)
<use images/d_big_n_small.png>
Package pdftex.def Info: images/d_big_n_small.png  used on input line 315.
(pdftex.def)             Requested size: 427.58992pt x 156.58221pt.

Overfull \hbox (37.58992pt too wide) in paragraph at lines 315--317
 [][] 
 []

(./SdS_TP2_2021Q2G01_Informe.bbl [15 <./images/d_big_n_small.png>]) [16

] (./SdS_TP2_2021Q2G01_Informe.aux
LaTeX Info: Redefining \. on input line 7.
LaTeX Info: Redefining \% on input line 7.
) ) 
Here is how much of TeX's memory you used:
 4065 strings out of 481239
 59038 string characters out of 5920377
 309921 words of memory out of 5000000
 19251 multiletter control sequences out of 15000+600000
 541599 words of font info for 55 fonts, out of 8000000 for 9000
 1141 hyphenation exceptions out of 8191
 34i,7n,35p,556b,361s stack positions out of 5000i,500n,10000p,200000b,80000s
</usr/share/texlive/texmf-dist/fonts/type1/public/amsfonts/cm/cmbx12.pfb></usr/share/texlive/texmf-dist/fonts/type1/public/amsfonts/cm/cmbxti10.pfb></usr/share/texlive/texmf-dist/fonts/type1/public/amsfonts/cm/cmcsc10.pfb></usr/share/texlive/texmf-dist/fonts/type1/public/amsfonts/cm/cmex10.pfb></usr/share/texlive/texmf-dist/fonts/type1/public/amsfonts/cm/cmmi12.pfb></usr/share/texlive/texmf-dist/fonts/type1/public/amsfonts/cm/cmmi8.pfb></usr/share/texlive/texmf-dist/fonts/type1/public/amsfonts/cm/cmr10.pfb></usr/share/texlive/texmf-dist/fonts/type1/public/amsfonts/cm/cmr12.pfb></usr/share/texlive/texmf-dist/fonts/type1/public/amsfonts/cm/cmr17.pfb></usr/share/texlive/texmf-dist/fonts/type1/public/amsfonts/cm/cmr6.pfb></usr/share/texlive/texmf-dist/fonts/type1/public/amsfonts/cm/cmr8.pfb></usr/share/texlive/texmf-dist/fonts/type1/public/amsfonts/cm/cmsy10.pfb></usr/share/texlive/texmf-dist/fonts/type1/public/amsfonts/cm/cmti12.pfb>
Output written on SdS_TP2_2021Q2G01_Informe.pdf (17 pages, 3170175 bytes).
PDF statistics:
 145 PDF objects out of 1000 (max. 8388607)
 79 compressed objects within 1 object stream
 0 named destinations out of 1000 (max. 500000)
 86 words of extra memory for PDF output out of 10000 (max. 10000000)

